#-----------------------------------------------------------
# Vivado v2019.2 (64-bit)
# SW Build 2708876 on Wed Nov  6 21:40:23 MST 2019
# IP Build 2700528 on Thu Nov  7 00:09:20 MST 2019
# Start of session at: Wed Nov 20 09:54:50 2024
# Process ID: 1004
# Current directory: C:/HDL/Mini Project V03
# Command line: vivado.exe -gui_launcher_event rodinguilauncherevent1992 C:\HDL\Mini Project V03\Mini Project V03.xpr
# Log file: C:/HDL/Mini Project V03/vivado.log
# Journal file: C:/HDL/Mini Project V03\vivado.jou
#-----------------------------------------------------------
start_gui
open_project {C:/HDL/Mini Project V03/Mini Project V03.xpr}
WARNING: [Board 49-91] Board repository path '/u/estay/.Xilinx/Vivado/2023.1/xhub/board_store/xilinx_board_store' does not exist, it will not be used to search board files.
Scanning sources...
Finished scanning sources
WARNING: [filemgmt 56-3] Board Part Repository Path: Could not find the directory 'C:/Users/acer/AppData/Roaming/Xilinx/Vivado/u/estay/.Xilinx/Vivado/2023.1/xhub/board_store/xilinx_board_store'.
INFO: [IP_Flow 19-234] Refreshing IP repositories
INFO: [IP_Flow 19-1704] No user IP repositories specified
INFO: [IP_Flow 19-2313] Loaded Vivado IP repository 'C:/Xilinx/Vivado/2019.2/data/ip'.
open_project: Time (s): cpu = 00:00:19 ; elapsed = 00:00:06 . Memory (MB): peak = 716.398 ; gain = 55.824
update_compile_order -fileset sources_1
exit
INFO: [Common 17-206] Exiting Vivado at Wed Nov 20 09:55:37 2024...
